2025-06-15T08:30:01.500Z|SW-01|PORT-01|GPTP_OFFSET_OVER_LIMIT|ERROR|gptp_offset=520,gptp_threshold=500,gm_identity=00:11:22:33:44:55:66:77,gm_priority=128
2025-06-15T08:30:15.200Z|SW-02|PORT-02|GPTP_OFFSET_OVER_LIMIT|ERROR|gptp_offset=780,gptp_threshold=500,gm_identity=AA:BB:CC:DD:EE:FF:00:11,gm_priority=64
2025-06-15T08:30:30.100Z|SW-01|PORT-01|GM_CHANGE|WARN|old_gm_identity=00:11:22:33:44:55:66:77,new_gm_identity=AA:BB:CC:DD:EE:FF:00:22,new_gm_priority=32,reason=BMCA_ELECTION
2025-06-15T08:31:00.800Z|SW-03|PORT-03|GM_CHANGE|WARN|old_gm_identity=CC:DD:EE:FF:00:11:22:33,new_gm_identity=11:22:33:44:55:66:77:88,new_gm_priority=16,reason=LINK_DOWN
2025-06-15T08:32:10.400Z|SW-01|PORT-04|QBV_JITTER_OVER_LIMIT|ERROR|jitter=350,threshold=200,queue=Q5,gcl_state=ACTIVE,window_id=W3
2025-06-15T08:32:25.700Z|SW-02|PORT-02|QBV_JITTER_OVER_LIMIT|ERROR|jitter=420,threshold=200,queue=Q7,gcl_state=ACTIVE,window_id=W1
2025-06-15T08:33:00.300Z|SW-01|PORT-04|GCL_UPDATE|INFO|gcl_version=12,port=PORT-04,queue_count=8,gcl_admin_id=GCL-01,config_status=COMMITTED
2025-06-15T08:33:45.900Z|SW-03|PORT-01|GCL_UPDATE|INFO|gcl_version=5,port=PORT-01,queue_count=4,gcl_admin_id=GCL-03,config_status=PENDING
2025-06-15T08:34:20.100Z|SW-01|PORT-02|STREAM_DROP_OVER_LIMIT|WARN|stream_id=STREAM-001,drop_rate=5.2,threshold=3.0,queue=Q6,byte_count=10485760
2025-06-15T08:34:50.500Z|SW-02|PORT-01|STREAM_DROP_OVER_LIMIT|WARN|stream_id=STREAM-007,drop_rate=8.1,threshold=3.0,queue=Q4,byte_count=5242880
2025-06-15T08:35:15.200Z|SW-01|PORT-03|POLICER_BANDWIDTH_OVER_LIMIT|ERROR|stream_id=STREAM-003,cir=100000000,eir=50000000,bandwidth_usage=165000000,token_bucket_state=EXHAUSTED
2025-06-15T08:35:40.600Z|SW-02|PORT-04|POLICER_BANDWIDTH_OVER_LIMIT|WARN|stream_id=STREAM-010,cir=200000000,eir=100000000,bandwidth_usage=320000000,meter_id=METER-05
2025-06-15T08:36:10.800Z|SW-01|PORT-01|FLOW_RESERVATION_FAILED|ERROR|stream_id=STREAM-012,target_queue=Q3,reason=INSUFFICIENT_BANDWIDTH,available_bw=50000000,requested_bw=75000000
2025-06-15T08:36:30.400Z|SW-03|PORT-02|FLOW_RESERVATION_FAILED|ERROR|stream_id=STREAM-015,target_queue=Q5,reason=MAX_STREAMS_REACHED,max_streams=64
2025-06-15T08:37:00.100Z|SW-02|PORT-03|PORT_LINK_DOWN|ERROR|port_state=DOWN,link_speed=N/A,detection_method=IEEE_802.3_OAM,previous_state=UP,duration=0
2025-06-15T08:37:25.900Z|SW-01|PORT-02|PORT_LINK_DOWN|ERROR|port_state=DOWN,link_speed=10G,detection_method=BER_MONITOR,previous_state=UP,ber=1.2e-6
2025-06-15T08:38:00.500Z|SW-01|PORT-04|PERIODIC_STATS|INFO|gptp_offset=45,cpu_percent=38.5,mem_percent=62.3,tx_packets=15234890,rx_packets=14001234,link_state=UP
2025-06-15T08:38:00.500Z|SW-02|PORT-02|PERIODIC_STATS|INFO|gptp_offset=89,cpu_percent=42.1,mem_percent=71.8,tx_packets=20123456,rx_packets=18987654,link_state=UP
2025-06-15T08:38:00.500Z|SW-03|PORT-01|PERIODIC_STATS|INFO|gptp_offset=23,cpu_percent=29.7,mem_percent=55.4,tx_packets=8765432,rx_packets=8012345,link_state=UP
2025-06-15T08:38:30.200Z|SW-01|PORT-01|GPTP_OFFSET_OVER_LIMIT|INFO|gptp_offset=120,gptp_threshold=500,gm_identity=AA:BB:CC:DD:EE:FF:00:22,gm_priority=32
2025-06-15T08:39:00.700Z|SW-02|PORT-05|STREAM_DROP_OVER_LIMIT|WARN|stream_id=STREAM-020,drop_rate=4.5,threshold=3.0,queue=Q2,byte_count=2097152
